<?xml version="1.0" encoding="UTF-8"?>
<!-- Generated by org.testng.reporters.JUnitXMLReporter -->
<testsuite ignored="0" hostname="DESKTOP-IA01B7F" failures="0" tests="10" name="Test" time="95.393" errors="0" timestamp="2020-11-05T19:17:16 NZDT">
  <testcase classname="testNG_Framework1.testNG_Framework2" name="TC1" time="9.529"/>
  <testcase classname="testNG_Framework1.testNG_Framework2" name="TC2" time="0.773"/>
  <testcase classname="testNG_Framework1.testNG_Framework2" name="TC3" time="0.965"/>
  <testcase classname="testNG_Framework1.testNG_Framework2" name="TC4" time="0.905"/>
  <testcase classname="testNG_Framework1.testNG_Framework2" name="TC5" time="4.758"/>
  <testcase classname="testNG_Framework1.Framework" name="TC1_Valid_Login" time="11.486"/>
  <testcase classname="testNG_Framework1.Framework" name="TC2_Invalid_Password" time="6.954"/>
  <testcase classname="testNG_Framework1.Framework" name="TC3_Invalid_Username" time="9.046"/>
  <testcase classname="testNG_Framework1.Framework" name="TC4_Invalid_Username_and_Password" time="6.573"/>
  <testcase classname="testNG_Framework1.Framework" name="TC5_Logout" time="11.272"/>
</testsuite> <!-- Test -->
