<?xml version="1.0" encoding="UTF-8"?>
<!-- Generated by org.testng.reporters.JUnitXMLReporter -->
<testsuite ignored="0" hostname="DESKTOP-IA01B7F" failures="0" tests="10" name="Default test" time="86.771" errors="0" timestamp="2020-11-06T12:54:33 NZDT">
  <testcase classname="testNG_Framework1.testNG_Framework2" name="TC1" time="5.563"/>
  <testcase classname="testNG_Framework1.testNG_Framework2" name="TC2" time="0.822"/>
  <testcase classname="testNG_Framework1.testNG_Framework2" name="TC3" time="0.81"/>
  <testcase classname="testNG_Framework1.testNG_Framework2" name="TC4" time="0.799"/>
  <testcase classname="testNG_Framework1.testNG_Framework2" name="TC5" time="4.402"/>
  <testcase classname="testNG_Framework1.Framework" name="TC1_Valid_Login" time="9.944"/>
  <testcase classname="testNG_Framework1.Framework" name="TC2_Invalid_Password" time="6.697"/>
  <testcase classname="testNG_Framework1.Framework" name="TC3_Invalid_Username" time="6.378"/>
  <testcase classname="testNG_Framework1.Framework" name="TC4_Invalid_Username_and_Password" time="6.556"/>
  <testcase classname="testNG_Framework1.Framework" name="TC5_Logout" time="9.953"/>
</testsuite> <!-- Default test -->
