<?xml version="1.0" encoding="UTF-8"?>
<!-- Generated by org.testng.reporters.JUnitXMLReporter -->
<testsuite ignored="0" hostname="DESKTOP-IA01B7F" failures="0" tests="10" name="Test" time="88.412" errors="0" timestamp="2020-11-05T19:01:28 NZDT">
  <testcase classname="testNG_Framework1.testNG_Framework2" name="TC1" time="6.031"/>
  <testcase classname="testNG_Framework1.testNG_Framework2" name="TC2" time="0.792"/>
  <testcase classname="testNG_Framework1.testNG_Framework2" name="TC3" time="0.782"/>
  <testcase classname="testNG_Framework1.testNG_Framework2" name="TC4" time="0.883"/>
  <testcase classname="testNG_Framework1.testNG_Framework2" name="TC5" time="6.868"/>
  <testcase classname="testNG_Framework1.Framework" name="TC1_Valid_Login" time="10.85"/>
  <testcase classname="testNG_Framework1.Framework" name="TC2_Invalid_Password" time="6.569"/>
  <testcase classname="testNG_Framework1.Framework" name="TC3_Invalid_Username" time="6.92"/>
  <testcase classname="testNG_Framework1.Framework" name="TC4_Invalid_Username_and_Password" time="7.0"/>
  <testcase classname="testNG_Framework1.Framework" name="TC5_Logout" time="10.795"/>
</testsuite> <!-- Test -->
